This is pdfTeX, Version 3.141592653-2.6-1.40.22 (TeX Live 2021/nixos.org) (preloaded format=pdflatex 1980.1.1)  27 AUG 2024 17:12
entering extended mode
 restricted \write18 enabled.
 file:line:error style messages enabled.
 %&-line parsing enabled.
**Roleplay_electricity_market.tex
(./Roleplay_electricity_market.tex
LaTeX2e <2021-11-15> patch level 1
L3 programming layer <2022-02-24>
(/nix/store/463pl4ggkf0k94rbs3s1py9kaylkc5w5-texlive-combined-2021/share/texmf/
tex/latex/elsarticle/elsarticle.cls
Document Class: elsarticle 2020/11/20, 3.3: Elsevier Ltd

(/nix/store/463pl4ggkf0k94rbs3s1py9kaylkc5w5-texlive-combined-2021/share/texmf/
tex/latex/l3kernel/expl3.sty
Package: expl3 2022-02-24 L3 programming layer (loader) 

(/nix/store/463pl4ggkf0k94rbs3s1py9kaylkc5w5-texlive-combined-2021/share/texmf/
tex/latex/l3backend/l3backend-pdftex.def
File: l3backend-pdftex.def 2022-02-07 L3 backend support: PDF output (pdfTeX)
\l__color_backend_stack_int=\count185
\l__pdf_internal_box=\box50
))
(/nix/store/463pl4ggkf0k94rbs3s1py9kaylkc5w5-texlive-combined-2021/share/texmf/
tex/latex/l3packages/xparse/xparse.sty
Package: xparse 2022-01-12 L3 Experimental document command parser
)
(/nix/store/463pl4ggkf0k94rbs3s1py9kaylkc5w5-texlive-combined-2021/share/texmf/
tex/latex/etoolbox/etoolbox.sty
Package: etoolbox 2020/10/05 v2.5k e-TeX tools for LaTeX (JAW)
\etb@tempcnta=\count186
)
\@bls=\dimen138

(/nix/store/463pl4ggkf0k94rbs3s1py9kaylkc5w5-texlive-combined-2021/share/texmf/
tex/latex/base/article.cls
Document Class: article 2021/10/04 v1.4n Standard LaTeX document class

(/nix/store/463pl4ggkf0k94rbs3s1py9kaylkc5w5-texlive-combined-2021/share/texmf/
tex/latex/base/size10.clo
File: size10.clo 2021/10/04 v1.4n Standard LaTeX file (size option)
)
\c@part=\count187
\c@section=\count188
\c@subsection=\count189
\c@subsubsection=\count190
\c@paragraph=\count191
\c@subparagraph=\count192
\c@figure=\count193
\c@table=\count194
\abovecaptionskip=\skip47
\belowcaptionskip=\skip48
\bibindent=\dimen139
)
(/nix/store/463pl4ggkf0k94rbs3s1py9kaylkc5w5-texlive-combined-2021/share/texmf/
tex/latex/graphics/graphicx.sty
Package: graphicx 2021/09/16 v1.2d Enhanced LaTeX Graphics (DPC,SPQR)

(/nix/store/463pl4ggkf0k94rbs3s1py9kaylkc5w5-texlive-combined-2021/share/texmf/
tex/latex/graphics/keyval.sty
Package: keyval 2014/10/28 v1.15 key=value parser (DPC)
\KV@toks@=\toks16
)
(/nix/store/463pl4ggkf0k94rbs3s1py9kaylkc5w5-texlive-combined-2021/share/texmf/
tex/latex/graphics/graphics.sty
Package: graphics 2021/03/04 v1.4d Standard LaTeX Graphics (DPC,SPQR)

(/nix/store/463pl4ggkf0k94rbs3s1py9kaylkc5w5-texlive-combined-2021/share/texmf/
tex/latex/graphics/trig.sty
Package: trig 2021/08/11 v1.11 sin cos tan (DPC)
)
(/nix/store/463pl4ggkf0k94rbs3s1py9kaylkc5w5-texlive-combined-2021/share/texmf/
tex/latex/graphics-cfg/graphics.cfg
File: graphics.cfg 2016/06/04 v1.11 sample graphics configuration
)
Package graphics Info: Driver file: pdftex.def on input line 107.

(/nix/store/463pl4ggkf0k94rbs3s1py9kaylkc5w5-texlive-combined-2021/share/texmf/
tex/latex/graphics-def/pdftex.def
File: pdftex.def 2020/10/05 v1.2a Graphics/color driver for pdftex
))
\Gin@req@height=\dimen140
\Gin@req@width=\dimen141
)
\c@tnote=\count195
\c@fnote=\count196
\c@cnote=\count197
\c@ead=\count198
\c@author=\count199
\@eadauthor=\toks17
\c@affn=\count266
\absbox=\box51
\elsarticlehighlightsbox=\box52
\elsarticlegrabsbox=\box53
\keybox=\box54
\Columnwidth=\dimen142
\space@left=\dimen143
\els@boxa=\box55
\els@boxb=\box56
\leftMargin=\dimen144
\@enLab=\toks18
\@sep=\skip49
\@@sep=\skip50
 (./Roleplay_electricity_market.spl)
(/nix/store/463pl4ggkf0k94rbs3s1py9kaylkc5w5-texlive-combined-2021/share/texmf/
tex/latex/natbib/natbib.sty
Package: natbib 2010/09/13 8.31b (PWD, AO)
\bibhang=\skip51
\bibsep=\skip52
LaTeX Info: Redefining \cite on input line 694.
\c@NAT@ctr=\count267
)
\splwrite=\write3
\openout3 = `Roleplay_electricity_market.spl'.


(/nix/store/463pl4ggkf0k94rbs3s1py9kaylkc5w5-texlive-combined-2021/share/texmf/
tex/latex/geometry/geometry.sty
Package: geometry 2020/01/02 v5.9 Page Geometry

(/nix/store/463pl4ggkf0k94rbs3s1py9kaylkc5w5-texlive-combined-2021/share/texmf/
tex/generic/iftex/ifvtex.sty
Package: ifvtex 2019/10/25 v1.7 ifvtex legacy package. Use iftex instead.

(/nix/store/463pl4ggkf0k94rbs3s1py9kaylkc5w5-texlive-combined-2021/share/texmf/
tex/generic/iftex/iftex.sty
Package: iftex 2022/02/03 v1.0f TeX engine tests
))
\Gm@cnth=\count268
\Gm@cntv=\count269
\c@Gm@tempcnt=\count270
\Gm@bindingoffset=\dimen145
\Gm@wd@mp=\dimen146
\Gm@odd@mp=\dimen147
\Gm@even@mp=\dimen148
\Gm@layoutwidth=\dimen149
\Gm@layoutheight=\dimen150
\Gm@layouthoffset=\dimen151
\Gm@layoutvoffset=\dimen152
\Gm@dimlist=\toks19
)
\appnamewidth=\dimen153
)
(/nix/store/463pl4ggkf0k94rbs3s1py9kaylkc5w5-texlive-combined-2021/share/texmf/
tex/latex/lineno/lineno.sty
Package: lineno 2005/11/02 line numbers on paragraphs v4.41
\linenopenalty=\count271
\output=\toks20
\linenoprevgraf=\count272
\linenumbersep=\dimen154
\linenumberwidth=\dimen155
\c@linenumber=\count273
\c@pagewiselinenumber=\count274
\c@LN@truepage=\count275
\c@internallinenumber=\count276
\c@internallinenumbers=\count277
\quotelinenumbersep=\dimen156
\bframerule=\dimen157
\bframesep=\dimen158
\bframebox=\box57
LaTeX Info: Redefining \\ on input line 3056.
)
(/nix/store/463pl4ggkf0k94rbs3s1py9kaylkc5w5-texlive-combined-2021/share/texmf/
tex/latex/mathtools/mathtools.sty
Package: mathtools 2022/02/07 v1.28a mathematical typesetting tools

(/nix/store/463pl4ggkf0k94rbs3s1py9kaylkc5w5-texlive-combined-2021/share/texmf/
tex/latex/tools/calc.sty
Package: calc 2017/05/25 v4.3 Infix arithmetic (KKT,FJ)
\calc@Acount=\count278
\calc@Bcount=\count279
\calc@Adimen=\dimen159
\calc@Bdimen=\dimen160
\calc@Askip=\skip53
\calc@Bskip=\skip54
LaTeX Info: Redefining \setlength on input line 80.
LaTeX Info: Redefining \addtolength on input line 81.
\calc@Ccount=\count280
\calc@Cskip=\skip55
)
(/nix/store/463pl4ggkf0k94rbs3s1py9kaylkc5w5-texlive-combined-2021/share/texmf/
tex/latex/mathtools/mhsetup.sty
Package: mhsetup 2021/03/18 v1.4 programming setup (MH)
)
(/nix/store/463pl4ggkf0k94rbs3s1py9kaylkc5w5-texlive-combined-2021/share/texmf/
tex/latex/amsmath/amsmath.sty
Package: amsmath 2021/10/15 v2.17l AMS math features
\@mathmargin=\skip56

For additional information on amsmath, use the `?' option.

(/nix/store/463pl4ggkf0k94rbs3s1py9kaylkc5w5-texlive-combined-2021/share/texmf/
tex/latex/amsmath/amstext.sty
Package: amstext 2021/08/26 v2.01 AMS text

(/nix/store/463pl4ggkf0k94rbs3s1py9kaylkc5w5-texlive-combined-2021/share/texmf/
tex/latex/amsmath/amsgen.sty
File: amsgen.sty 1999/11/30 v2.0 generic functions
\@emptytoks=\toks21
\ex@=\dimen161
))
(/nix/store/463pl4ggkf0k94rbs3s1py9kaylkc5w5-texlive-combined-2021/share/texmf/
tex/latex/amsmath/amsbsy.sty
Package: amsbsy 1999/11/29 v1.2d Bold Symbols
\pmbraise@=\dimen162
)
(/nix/store/463pl4ggkf0k94rbs3s1py9kaylkc5w5-texlive-combined-2021/share/texmf/
tex/latex/amsmath/amsopn.sty
Package: amsopn 2021/08/26 v2.02 operator names
)
\inf@bad=\count281
LaTeX Info: Redefining \frac on input line 234.
\uproot@=\count282
\leftroot@=\count283
LaTeX Info: Redefining \overline on input line 399.
\classnum@=\count284
\DOTSCASE@=\count285
LaTeX Info: Redefining \ldots on input line 496.
LaTeX Info: Redefining \dots on input line 499.
LaTeX Info: Redefining \cdots on input line 620.
\Mathstrutbox@=\box58
\strutbox@=\box59
\big@size=\dimen163
LaTeX Font Info:    Redeclaring font encoding OML on input line 743.
LaTeX Font Info:    Redeclaring font encoding OMS on input line 744.
\macc@depth=\count286
\c@MaxMatrixCols=\count287
\dotsspace@=\muskip16
\c@parentequation=\count288
\dspbrk@lvl=\count289
\tag@help=\toks22
\row@=\count290
\column@=\count291
\maxfields@=\count292
\andhelp@=\toks23
\eqnshift@=\dimen164
\alignsep@=\dimen165
\tagshift@=\dimen166
\tagwidth@=\dimen167
\totwidth@=\dimen168
\lineht@=\dimen169
\@envbody=\toks24
\multlinegap=\skip57
\multlinetaggap=\skip58
\mathdisplay@stack=\toks25
LaTeX Info: Redefining \[ on input line 2938.
LaTeX Info: Redefining \] on input line 2939.
)
\g_MT_multlinerow_int=\count293
\l_MT_multwidth_dim=\dimen170
\origjot=\skip59
\l_MT_shortvdotswithinadjustabove_dim=\dimen171
\l_MT_shortvdotswithinadjustbelow_dim=\dimen172
\l_MT_above_intertext_sep=\dimen173
\l_MT_below_intertext_sep=\dimen174
\l_MT_above_shortintertext_sep=\dimen175
\l_MT_below_shortintertext_sep=\dimen176
\xmathstrut@box=\box60
\xmathstrut@dim=\dimen177
)
(/nix/store/463pl4ggkf0k94rbs3s1py9kaylkc5w5-texlive-combined-2021/share/texmf/
tex/latex/eurosym/eurosym.sty
Package: eurosym 1998/08/06 v1.1 European currency symbol ``Euro''
\@eurobox=\box61
)
(/nix/store/463pl4ggkf0k94rbs3s1py9kaylkc5w5-texlive-combined-2021/share/texmf/
tex/latex/url/url.sty
\Urlmuskip=\muskip17
Package: url 2013/09/16  ver 3.4  Verb mode for urls, etc.
)
(/nix/store/463pl4ggkf0k94rbs3s1py9kaylkc5w5-texlive-combined-2021/share/texmf/
tex/latex/hyperref/hyperref.sty
Package: hyperref 2022-02-21 v7.00n Hypertext links for LaTeX

(/nix/store/463pl4ggkf0k94rbs3s1py9kaylkc5w5-texlive-combined-2021/share/texmf/
tex/generic/ltxcmds/ltxcmds.sty
Package: ltxcmds 2020-05-10 v1.25 LaTeX kernel commands for general use (HO)
)
(/nix/store/463pl4ggkf0k94rbs3s1py9kaylkc5w5-texlive-combined-2021/share/texmf/
tex/generic/pdftexcmds/pdftexcmds.sty
Package: pdftexcmds 2020-06-27 v0.33 Utility functions of pdfTeX for LuaTeX (HO
)

(/nix/store/463pl4ggkf0k94rbs3s1py9kaylkc5w5-texlive-combined-2021/share/texmf/
tex/generic/infwarerr/infwarerr.sty
Package: infwarerr 2019/12/03 v1.5 Providing info/warning/error messages (HO)
)
Package pdftexcmds Info: \pdf@primitive is available.
Package pdftexcmds Info: \pdf@ifprimitive is available.
Package pdftexcmds Info: \pdfdraftmode found.
)
(/nix/store/463pl4ggkf0k94rbs3s1py9kaylkc5w5-texlive-combined-2021/share/texmf/
tex/generic/kvsetkeys/kvsetkeys.sty
Package: kvsetkeys 2019/12/15 v1.18 Key value parser (HO)
)
(/nix/store/463pl4ggkf0k94rbs3s1py9kaylkc5w5-texlive-combined-2021/share/texmf/
tex/generic/kvdefinekeys/kvdefinekeys.sty
Package: kvdefinekeys 2019-12-19 v1.6 Define keys (HO)
)
(/nix/store/463pl4ggkf0k94rbs3s1py9kaylkc5w5-texlive-combined-2021/share/texmf/
tex/generic/pdfescape/pdfescape.sty
Package: pdfescape 2019/12/09 v1.15 Implements pdfTeX's escape features (HO)
)
(/nix/store/463pl4ggkf0k94rbs3s1py9kaylkc5w5-texlive-combined-2021/share/texmf/
tex/latex/hycolor/hycolor.sty
Package: hycolor 2020-01-27 v1.10 Color options for hyperref/bookmark (HO)
)
(/nix/store/463pl4ggkf0k94rbs3s1py9kaylkc5w5-texlive-combined-2021/share/texmf/
tex/latex/letltxmacro/letltxmacro.sty
Package: letltxmacro 2019/12/03 v1.6 Let assignment for LaTeX macros (HO)
)
(/nix/store/463pl4ggkf0k94rbs3s1py9kaylkc5w5-texlive-combined-2021/share/texmf/
tex/latex/auxhook/auxhook.sty
Package: auxhook 2019-12-17 v1.6 Hooks for auxiliary files (HO)
)
(/nix/store/463pl4ggkf0k94rbs3s1py9kaylkc5w5-texlive-combined-2021/share/texmf/
tex/latex/kvoptions/kvoptions.sty
Package: kvoptions 2020-10-07 v3.14 Key value format for package options (HO)
)
\@linkdim=\dimen178
\Hy@linkcounter=\count294
\Hy@pagecounter=\count295

(/nix/store/463pl4ggkf0k94rbs3s1py9kaylkc5w5-texlive-combined-2021/share/texmf/
tex/latex/hyperref/pd1enc.def
File: pd1enc.def 2022-02-21 v7.00n Hyperref: PDFDocEncoding definition (HO)
Now handling font encoding PD1 ...
... no UTF-8 mapping file for font encoding PD1
)
(/nix/store/463pl4ggkf0k94rbs3s1py9kaylkc5w5-texlive-combined-2021/share/texmf/
tex/generic/intcalc/intcalc.sty
Package: intcalc 2019/12/15 v1.3 Expandable calculations with integers (HO)
)
(/nix/store/463pl4ggkf0k94rbs3s1py9kaylkc5w5-texlive-combined-2021/share/texmf/
tex/generic/etexcmds/etexcmds.sty
Package: etexcmds 2019/12/15 v1.7 Avoid name clashes with e-TeX commands (HO)
)
\Hy@SavedSpaceFactor=\count296

(/nix/store/463pl4ggkf0k94rbs3s1py9kaylkc5w5-texlive-combined-2021/share/texmf/
tex/latex/hyperref/puenc.def
File: puenc.def 2022-02-21 v7.00n Hyperref: PDF Unicode definition (HO)
Now handling font encoding PU ...
... no UTF-8 mapping file for font encoding PU
)
Package hyperref Info: Option `colorlinks' set `true' on input line 4018.
Package hyperref Info: Hyper figures OFF on input line 4137.
Package hyperref Info: Link nesting OFF on input line 4142.
Package hyperref Info: Hyper index ON on input line 4145.
Package hyperref Info: Plain pages OFF on input line 4152.
Package hyperref Info: Backreferencing OFF on input line 4157.
Package hyperref Info: Implicit mode ON; LaTeX internals redefined.
Package hyperref Info: Bookmarks ON on input line 4390.
\c@Hy@tempcnt=\count297
LaTeX Info: Redefining \url on input line 4749.
\XeTeXLinkMargin=\dimen179

(/nix/store/463pl4ggkf0k94rbs3s1py9kaylkc5w5-texlive-combined-2021/share/texmf/
tex/generic/bitset/bitset.sty
Package: bitset 2019/12/09 v1.3 Handle bit-vector datatype (HO)

(/nix/store/463pl4ggkf0k94rbs3s1py9kaylkc5w5-texlive-combined-2021/share/texmf/
tex/generic/bigintcalc/bigintcalc.sty
Package: bigintcalc 2019/12/15 v1.5 Expandable calculations on big integers (HO
)
))
\Fld@menulength=\count298
\Field@Width=\dimen180
\Fld@charsize=\dimen181
Package hyperref Info: Hyper figures OFF on input line 6027.
Package hyperref Info: Link nesting OFF on input line 6032.
Package hyperref Info: Hyper index ON on input line 6035.
Package hyperref Info: backreferencing OFF on input line 6042.
Package hyperref Info: Link coloring ON on input line 6045.
Package hyperref Info: Link coloring with OCG OFF on input line 6052.
Package hyperref Info: PDF/A mode OFF on input line 6057.
LaTeX Info: Redefining \ref on input line 6097.
LaTeX Info: Redefining \pageref on input line 6101.

(/nix/store/463pl4ggkf0k94rbs3s1py9kaylkc5w5-texlive-combined-2021/share/texmf/
tex/latex/base/atbegshi-ltx.sty
Package: atbegshi-ltx 2021/01/10 v1.0c Emulation of the original atbegshi
package with kernel methods
)
\Hy@abspage=\count299
\c@Item=\count300
\c@Hfootnote=\count301
)
Package hyperref Info: Driver (autodetected): hpdftex.

(/nix/store/463pl4ggkf0k94rbs3s1py9kaylkc5w5-texlive-combined-2021/share/texmf/
tex/latex/hyperref/hpdftex.def
File: hpdftex.def 2022-02-21 v7.00n Hyperref driver for pdfTeX

(/nix/store/463pl4ggkf0k94rbs3s1py9kaylkc5w5-texlive-combined-2021/share/texmf/
tex/latex/base/atveryend-ltx.sty
Package: atveryend-ltx 2020/08/19 v1.0a Emulation of the original atveryend pac
kage
with kernel methods
)
\Fld@listcount=\count302
\c@bookmark@seq@number=\count303

(/nix/store/463pl4ggkf0k94rbs3s1py9kaylkc5w5-texlive-combined-2021/share/texmf/
tex/latex/rerunfilecheck/rerunfilecheck.sty
Package: rerunfilecheck 2019/12/05 v1.9 Rerun checks for auxiliary files (HO)

(/nix/store/463pl4ggkf0k94rbs3s1py9kaylkc5w5-texlive-combined-2021/share/texmf/
tex/generic/uniquecounter/uniquecounter.sty
Package: uniquecounter 2019/12/15 v1.4 Provide unlimited unique counter (HO)
)
Package uniquecounter Info: New unique counter `rerunfilecheck' on input line 2
86.
)
\Hy@SectionHShift=\skip60
)
(/nix/store/463pl4ggkf0k94rbs3s1py9kaylkc5w5-texlive-combined-2021/share/texmf/
tex/latex/siunitx/siunitx.sty
Package: siunitx 2022-02-15 v3.0.49 A comprehensive (SI) units package
\l__siunitx_angle_tmp_dim=\dimen182
\l__siunitx_angle_marker_box=\box62
\l__siunitx_angle_unit_box=\box63
\l__siunitx_compound_count_int=\count304

(/nix/store/463pl4ggkf0k94rbs3s1py9kaylkc5w5-texlive-combined-2021/share/texmf/
tex/latex/translations/translations.sty
Package: translations 2022/02/05 v1.12 internationalization of LaTeX2e packages
 (CN)
)
\l__siunitx_number_exponent_fixed_int=\count305
\l__siunitx_number_min_decimal_int=\count306
\l__siunitx_number_min_integer_int=\count307
\l__siunitx_number_round_precision_int=\count308
\l__siunitx_number_group_minimum_int=\count309
\l__siunitx_table_tmp_box=\box64
\l__siunitx_table_tmp_dim=\dimen183
\l__siunitx_table_column_width_dim=\dimen184
\l__siunitx_table_integer_box=\box65
\l__siunitx_table_decimal_box=\box66
\l__siunitx_table_before_box=\box67
\l__siunitx_table_after_box=\box68
\l__siunitx_table_before_dim=\dimen185
\l__siunitx_table_carry_dim=\dimen186
\l__siunitx_unit_tmp_int=\count310
\l__siunitx_unit_position_int=\count311
\l__siunitx_unit_total_int=\count312

(/nix/store/463pl4ggkf0k94rbs3s1py9kaylkc5w5-texlive-combined-2021/share/texmf/
tex/latex/l3packages/l3keys2e/l3keys2e.sty
Package: l3keys2e 2022-01-12 LaTeX2e option processing using LaTeX3 keys
)
(/nix/store/463pl4ggkf0k94rbs3s1py9kaylkc5w5-texlive-combined-2021/share/texmf/
tex/latex/tools/array.sty
Package: array 2021/10/04 v2.5f Tabular extension package (FMi)
\col@sep=\dimen187
\ar@mcellbox=\box69
\extrarowheight=\dimen188
\NC@list=\toks26
\extratabsurround=\skip61
\backup@length=\skip62
\ar@cellbox=\box70
))
(/nix/store/463pl4ggkf0k94rbs3s1py9kaylkc5w5-texlive-combined-2021/share/texmf/
tex/latex/circuitikz/circuitikz.sty
Package: circuitikz 2022/02/04{} The CircuiTikz circuit drawing package version
 1.4.6

(/nix/store/463pl4ggkf0k94rbs3s1py9kaylkc5w5-texlive-combined-2021/share/texmf/
tex/latex/pgf/frontendlayer/tikz.sty
(/nix/store/463pl4ggkf0k94rbs3s1py9kaylkc5w5-texlive-combined-2021/share/texmf/
tex/latex/pgf/basiclayer/pgf.sty
(/nix/store/463pl4ggkf0k94rbs3s1py9kaylkc5w5-texlive-combined-2021/share/texmf/
tex/latex/pgf/utilities/pgfrcs.sty
(/nix/store/463pl4ggkf0k94rbs3s1py9kaylkc5w5-texlive-combined-2021/share/texmf/
tex/generic/pgf/utilities/pgfutil-common.tex
\pgfutil@everybye=\toks27
\pgfutil@tempdima=\dimen189
\pgfutil@tempdimb=\dimen190

(/nix/store/463pl4ggkf0k94rbs3s1py9kaylkc5w5-texlive-combined-2021/share/texmf/
tex/generic/pgf/utilities/pgfutil-common-lists.tex))
(/nix/store/463pl4ggkf0k94rbs3s1py9kaylkc5w5-texlive-combined-2021/share/texmf/
tex/generic/pgf/utilities/pgfutil-latex.def
\pgfutil@abb=\box71
)
(/nix/store/463pl4ggkf0k94rbs3s1py9kaylkc5w5-texlive-combined-2021/share/texmf/
tex/generic/pgf/utilities/pgfrcs.code.tex
(/nix/store/463pl4ggkf0k94rbs3s1py9kaylkc5w5-texlive-combined-2021/share/texmf/
tex/generic/pgf/pgf.revision.tex)
Package: pgfrcs 2021/05/15 v3.1.9a (3.1.9a)
))
Package: pgf 2021/05/15 v3.1.9a (3.1.9a)

(/nix/store/463pl4ggkf0k94rbs3s1py9kaylkc5w5-texlive-combined-2021/share/texmf/
tex/latex/pgf/basiclayer/pgfcore.sty
(/nix/store/463pl4ggkf0k94rbs3s1py9kaylkc5w5-texlive-combined-2021/share/texmf/
tex/latex/pgf/systemlayer/pgfsys.sty
(/nix/store/463pl4ggkf0k94rbs3s1py9kaylkc5w5-texlive-combined-2021/share/texmf/
tex/generic/pgf/systemlayer/pgfsys.code.tex
Package: pgfsys 2021/05/15 v3.1.9a (3.1.9a)

(/nix/store/463pl4ggkf0k94rbs3s1py9kaylkc5w5-texlive-combined-2021/share/texmf/
tex/generic/pgf/utilities/pgfkeys.code.tex
\pgfkeys@pathtoks=\toks28
\pgfkeys@temptoks=\toks29

(/nix/store/463pl4ggkf0k94rbs3s1py9kaylkc5w5-texlive-combined-2021/share/texmf/
tex/generic/pgf/utilities/pgfkeysfiltered.code.tex
\pgfkeys@tmptoks=\toks30
))
\pgf@x=\dimen191
\pgf@y=\dimen192
\pgf@xa=\dimen193
\pgf@ya=\dimen194
\pgf@xb=\dimen195
\pgf@yb=\dimen196
\pgf@xc=\dimen197
\pgf@yc=\dimen198
\pgf@xd=\dimen199
\pgf@yd=\dimen256
\w@pgf@writea=\write4
\r@pgf@reada=\read2
\c@pgf@counta=\count313
\c@pgf@countb=\count314
\c@pgf@countc=\count315
\c@pgf@countd=\count316
\t@pgf@toka=\toks31
\t@pgf@tokb=\toks32
\t@pgf@tokc=\toks33
\pgf@sys@id@count=\count317

(/nix/store/463pl4ggkf0k94rbs3s1py9kaylkc5w5-texlive-combined-2021/share/texmf/
tex/generic/pgf/systemlayer/pgf.cfg
File: pgf.cfg 2021/05/15 v3.1.9a (3.1.9a)
)
Driver file for pgf: pgfsys-pdftex.def

(/nix/store/463pl4ggkf0k94rbs3s1py9kaylkc5w5-texlive-combined-2021/share/texmf/
tex/generic/pgf/systemlayer/pgfsys-pdftex.def
File: pgfsys-pdftex.def 2021/05/15 v3.1.9a (3.1.9a)

(/nix/store/463pl4ggkf0k94rbs3s1py9kaylkc5w5-texlive-combined-2021/share/texmf/
tex/generic/pgf/systemlayer/pgfsys-common-pdf.def
File: pgfsys-common-pdf.def 2021/05/15 v3.1.9a (3.1.9a)
)))
(/nix/store/463pl4ggkf0k94rbs3s1py9kaylkc5w5-texlive-combined-2021/share/texmf/
tex/generic/pgf/systemlayer/pgfsyssoftpath.code.tex
File: pgfsyssoftpath.code.tex 2021/05/15 v3.1.9a (3.1.9a)
\pgfsyssoftpath@smallbuffer@items=\count318
\pgfsyssoftpath@bigbuffer@items=\count319
)
(/nix/store/463pl4ggkf0k94rbs3s1py9kaylkc5w5-texlive-combined-2021/share/texmf/
tex/generic/pgf/systemlayer/pgfsysprotocol.code.tex
File: pgfsysprotocol.code.tex 2021/05/15 v3.1.9a (3.1.9a)
))
(/nix/store/463pl4ggkf0k94rbs3s1py9kaylkc5w5-texlive-combined-2021/share/texmf/
tex/latex/xcolor/xcolor.sty
Package: xcolor 2021/10/31 v2.13 LaTeX color extensions (UK)

(/nix/store/463pl4ggkf0k94rbs3s1py9kaylkc5w5-texlive-combined-2021/share/texmf/
tex/latex/graphics-cfg/color.cfg
File: color.cfg 2016/01/02 v1.6 sample color configuration
)
Package xcolor Info: Driver file: pdftex.def on input line 227.
Package xcolor Info: Model `cmy' substituted by `cmy0' on input line 1352.
Package xcolor Info: Model `hsb' substituted by `rgb' on input line 1356.
Package xcolor Info: Model `RGB' extended on input line 1368.
Package xcolor Info: Model `HTML' substituted by `rgb' on input line 1370.
Package xcolor Info: Model `Hsb' substituted by `hsb' on input line 1371.
Package xcolor Info: Model `tHsb' substituted by `hsb' on input line 1372.
Package xcolor Info: Model `HSB' substituted by `hsb' on input line 1373.
Package xcolor Info: Model `Gray' substituted by `gray' on input line 1374.
Package xcolor Info: Model `wave' substituted by `hsb' on input line 1375.
)
(/nix/store/463pl4ggkf0k94rbs3s1py9kaylkc5w5-texlive-combined-2021/share/texmf/
tex/generic/pgf/basiclayer/pgfcore.code.tex
Package: pgfcore 2021/05/15 v3.1.9a (3.1.9a)

(/nix/store/463pl4ggkf0k94rbs3s1py9kaylkc5w5-texlive-combined-2021/share/texmf/
tex/generic/pgf/math/pgfmath.code.tex
(/nix/store/463pl4ggkf0k94rbs3s1py9kaylkc5w5-texlive-combined-2021/share/texmf/
tex/generic/pgf/math/pgfmathcalc.code.tex
(/nix/store/463pl4ggkf0k94rbs3s1py9kaylkc5w5-texlive-combined-2021/share/texmf/
tex/generic/pgf/math/pgfmathutil.code.tex)
(/nix/store/463pl4ggkf0k94rbs3s1py9kaylkc5w5-texlive-combined-2021/share/texmf/
tex/generic/pgf/math/pgfmathparser.code.tex
\pgfmath@dimen=\dimen257
\pgfmath@count=\count320
\pgfmath@box=\box72
\pgfmath@toks=\toks34
\pgfmath@stack@operand=\toks35
\pgfmath@stack@operation=\toks36
)
(/nix/store/463pl4ggkf0k94rbs3s1py9kaylkc5w5-texlive-combined-2021/share/texmf/
tex/generic/pgf/math/pgfmathfunctions.code.tex
(/nix/store/463pl4ggkf0k94rbs3s1py9kaylkc5w5-texlive-combined-2021/share/texmf/
tex/generic/pgf/math/pgfmathfunctions.basic.code.tex)
(/nix/store/463pl4ggkf0k94rbs3s1py9kaylkc5w5-texlive-combined-2021/share/texmf/
tex/generic/pgf/math/pgfmathfunctions.trigonometric.code.tex)
(/nix/store/463pl4ggkf0k94rbs3s1py9kaylkc5w5-texlive-combined-2021/share/texmf/
tex/generic/pgf/math/pgfmathfunctions.random.code.tex)
(/nix/store/463pl4ggkf0k94rbs3s1py9kaylkc5w5-texlive-combined-2021/share/texmf/
tex/generic/pgf/math/pgfmathfunctions.comparison.code.tex)
(/nix/store/463pl4ggkf0k94rbs3s1py9kaylkc5w5-texlive-combined-2021/share/texmf/
tex/generic/pgf/math/pgfmathfunctions.base.code.tex)
(/nix/store/463pl4ggkf0k94rbs3s1py9kaylkc5w5-texlive-combined-2021/share/texmf/
tex/generic/pgf/math/pgfmathfunctions.round.code.tex)
(/nix/store/463pl4ggkf0k94rbs3s1py9kaylkc5w5-texlive-combined-2021/share/texmf/
tex/generic/pgf/math/pgfmathfunctions.misc.code.tex)
(/nix/store/463pl4ggkf0k94rbs3s1py9kaylkc5w5-texlive-combined-2021/share/texmf/
tex/generic/pgf/math/pgfmathfunctions.integerarithmetics.code.tex)))
(/nix/store/463pl4ggkf0k94rbs3s1py9kaylkc5w5-texlive-combined-2021/share/texmf/
tex/generic/pgf/math/pgfmathfloat.code.tex
\c@pgfmathroundto@lastzeros=\count321
))
(/nix/store/463pl4ggkf0k94rbs3s1py9kaylkc5w5-texlive-combined-2021/share/texmf/
tex/generic/pgf/math/pgfint.code.tex)
(/nix/store/463pl4ggkf0k94rbs3s1py9kaylkc5w5-texlive-combined-2021/share/texmf/
tex/generic/pgf/basiclayer/pgfcorepoints.code.tex
File: pgfcorepoints.code.tex 2021/05/15 v3.1.9a (3.1.9a)
\pgf@picminx=\dimen258
\pgf@picmaxx=\dimen259
\pgf@picminy=\dimen260
\pgf@picmaxy=\dimen261
\pgf@pathminx=\dimen262
\pgf@pathmaxx=\dimen263
\pgf@pathminy=\dimen264
\pgf@pathmaxy=\dimen265
\pgf@xx=\dimen266
\pgf@xy=\dimen267
\pgf@yx=\dimen268
\pgf@yy=\dimen269
\pgf@zx=\dimen270
\pgf@zy=\dimen271
)
(/nix/store/463pl4ggkf0k94rbs3s1py9kaylkc5w5-texlive-combined-2021/share/texmf/
tex/generic/pgf/basiclayer/pgfcorepathconstruct.code.tex
File: pgfcorepathconstruct.code.tex 2021/05/15 v3.1.9a (3.1.9a)
\pgf@path@lastx=\dimen272
\pgf@path@lasty=\dimen273
)
(/nix/store/463pl4ggkf0k94rbs3s1py9kaylkc5w5-texlive-combined-2021/share/texmf/
tex/generic/pgf/basiclayer/pgfcorepathusage.code.tex
File: pgfcorepathusage.code.tex 2021/05/15 v3.1.9a (3.1.9a)
\pgf@shorten@end@additional=\dimen274
\pgf@shorten@start@additional=\dimen275
)
(/nix/store/463pl4ggkf0k94rbs3s1py9kaylkc5w5-texlive-combined-2021/share/texmf/
tex/generic/pgf/basiclayer/pgfcorescopes.code.tex
File: pgfcorescopes.code.tex 2021/05/15 v3.1.9a (3.1.9a)
\pgfpic=\box73
\pgf@hbox=\box74
\pgf@layerbox@main=\box75
\pgf@picture@serial@count=\count322
)
(/nix/store/463pl4ggkf0k94rbs3s1py9kaylkc5w5-texlive-combined-2021/share/texmf/
tex/generic/pgf/basiclayer/pgfcoregraphicstate.code.tex
File: pgfcoregraphicstate.code.tex 2021/05/15 v3.1.9a (3.1.9a)
\pgflinewidth=\dimen276
)
(/nix/store/463pl4ggkf0k94rbs3s1py9kaylkc5w5-texlive-combined-2021/share/texmf/
tex/generic/pgf/basiclayer/pgfcoretransformations.code.tex
File: pgfcoretransformations.code.tex 2021/05/15 v3.1.9a (3.1.9a)
\pgf@pt@x=\dimen277
\pgf@pt@y=\dimen278
\pgf@pt@temp=\dimen279
)
(/nix/store/463pl4ggkf0k94rbs3s1py9kaylkc5w5-texlive-combined-2021/share/texmf/
tex/generic/pgf/basiclayer/pgfcorequick.code.tex
File: pgfcorequick.code.tex 2021/05/15 v3.1.9a (3.1.9a)
)
(/nix/store/463pl4ggkf0k94rbs3s1py9kaylkc5w5-texlive-combined-2021/share/texmf/
tex/generic/pgf/basiclayer/pgfcoreobjects.code.tex
File: pgfcoreobjects.code.tex 2021/05/15 v3.1.9a (3.1.9a)
)
(/nix/store/463pl4ggkf0k94rbs3s1py9kaylkc5w5-texlive-combined-2021/share/texmf/
tex/generic/pgf/basiclayer/pgfcorepathprocessing.code.tex
File: pgfcorepathprocessing.code.tex 2021/05/15 v3.1.9a (3.1.9a)
)
(/nix/store/463pl4ggkf0k94rbs3s1py9kaylkc5w5-texlive-combined-2021/share/texmf/
tex/generic/pgf/basiclayer/pgfcorearrows.code.tex
File: pgfcorearrows.code.tex 2021/05/15 v3.1.9a (3.1.9a)
\pgfarrowsep=\dimen280
)
(/nix/store/463pl4ggkf0k94rbs3s1py9kaylkc5w5-texlive-combined-2021/share/texmf/
tex/generic/pgf/basiclayer/pgfcoreshade.code.tex
File: pgfcoreshade.code.tex 2021/05/15 v3.1.9a (3.1.9a)
\pgf@max=\dimen281
\pgf@sys@shading@range@num=\count323
\pgf@shadingcount=\count324
)
(/nix/store/463pl4ggkf0k94rbs3s1py9kaylkc5w5-texlive-combined-2021/share/texmf/
tex/generic/pgf/basiclayer/pgfcoreimage.code.tex
File: pgfcoreimage.code.tex 2021/05/15 v3.1.9a (3.1.9a)

(/nix/store/463pl4ggkf0k94rbs3s1py9kaylkc5w5-texlive-combined-2021/share/texmf/
tex/generic/pgf/basiclayer/pgfcoreexternal.code.tex
File: pgfcoreexternal.code.tex 2021/05/15 v3.1.9a (3.1.9a)
\pgfexternal@startupbox=\box76
))
(/nix/store/463pl4ggkf0k94rbs3s1py9kaylkc5w5-texlive-combined-2021/share/texmf/
tex/generic/pgf/basiclayer/pgfcorelayers.code.tex
File: pgfcorelayers.code.tex 2021/05/15 v3.1.9a (3.1.9a)
)
(/nix/store/463pl4ggkf0k94rbs3s1py9kaylkc5w5-texlive-combined-2021/share/texmf/
tex/generic/pgf/basiclayer/pgfcoretransparency.code.tex
File: pgfcoretransparency.code.tex 2021/05/15 v3.1.9a (3.1.9a)
)
(/nix/store/463pl4ggkf0k94rbs3s1py9kaylkc5w5-texlive-combined-2021/share/texmf/
tex/generic/pgf/basiclayer/pgfcorepatterns.code.tex
File: pgfcorepatterns.code.tex 2021/05/15 v3.1.9a (3.1.9a)
)
(/nix/store/463pl4ggkf0k94rbs3s1py9kaylkc5w5-texlive-combined-2021/share/texmf/
tex/generic/pgf/basiclayer/pgfcorerdf.code.tex
File: pgfcorerdf.code.tex 2021/05/15 v3.1.9a (3.1.9a)
)))
(/nix/store/463pl4ggkf0k94rbs3s1py9kaylkc5w5-texlive-combined-2021/share/texmf/
tex/generic/pgf/modules/pgfmoduleshapes.code.tex
File: pgfmoduleshapes.code.tex 2021/05/15 v3.1.9a (3.1.9a)
\pgfnodeparttextbox=\box77
)
(/nix/store/463pl4ggkf0k94rbs3s1py9kaylkc5w5-texlive-combined-2021/share/texmf/
tex/generic/pgf/modules/pgfmoduleplot.code.tex
File: pgfmoduleplot.code.tex 2021/05/15 v3.1.9a (3.1.9a)
)
(/nix/store/463pl4ggkf0k94rbs3s1py9kaylkc5w5-texlive-combined-2021/share/texmf/
tex/latex/pgf/compatibility/pgfcomp-version-0-65.sty
Package: pgfcomp-version-0-65 2021/05/15 v3.1.9a (3.1.9a)
\pgf@nodesepstart=\dimen282
\pgf@nodesepend=\dimen283
)
(/nix/store/463pl4ggkf0k94rbs3s1py9kaylkc5w5-texlive-combined-2021/share/texmf/
tex/latex/pgf/compatibility/pgfcomp-version-1-18.sty
Package: pgfcomp-version-1-18 2021/05/15 v3.1.9a (3.1.9a)
))
(/nix/store/463pl4ggkf0k94rbs3s1py9kaylkc5w5-texlive-combined-2021/share/texmf/
tex/latex/pgf/utilities/pgffor.sty
(/nix/store/463pl4ggkf0k94rbs3s1py9kaylkc5w5-texlive-combined-2021/share/texmf/
tex/latex/pgf/utilities/pgfkeys.sty
(/nix/store/463pl4ggkf0k94rbs3s1py9kaylkc5w5-texlive-combined-2021/share/texmf/
tex/generic/pgf/utilities/pgfkeys.code.tex))
(/nix/store/463pl4ggkf0k94rbs3s1py9kaylkc5w5-texlive-combined-2021/share/texmf/
tex/latex/pgf/math/pgfmath.sty
(/nix/store/463pl4ggkf0k94rbs3s1py9kaylkc5w5-texlive-combined-2021/share/texmf/
tex/generic/pgf/math/pgfmath.code.tex))
(/nix/store/463pl4ggkf0k94rbs3s1py9kaylkc5w5-texlive-combined-2021/share/texmf/
tex/generic/pgf/utilities/pgffor.code.tex
Package: pgffor 2021/05/15 v3.1.9a (3.1.9a)

(/nix/store/463pl4ggkf0k94rbs3s1py9kaylkc5w5-texlive-combined-2021/share/texmf/
tex/generic/pgf/math/pgfmath.code.tex)
\pgffor@iter=\dimen284
\pgffor@skip=\dimen285
\pgffor@stack=\toks37
\pgffor@toks=\toks38
))
(/nix/store/463pl4ggkf0k94rbs3s1py9kaylkc5w5-texlive-combined-2021/share/texmf/
tex/generic/pgf/frontendlayer/tikz/tikz.code.tex
Package: tikz 2021/05/15 v3.1.9a (3.1.9a)

(/nix/store/463pl4ggkf0k94rbs3s1py9kaylkc5w5-texlive-combined-2021/share/texmf/
tex/generic/pgf/libraries/pgflibraryplothandlers.code.tex
File: pgflibraryplothandlers.code.tex 2021/05/15 v3.1.9a (3.1.9a)
\pgf@plot@mark@count=\count325
\pgfplotmarksize=\dimen286
)
\tikz@lastx=\dimen287
\tikz@lasty=\dimen288
\tikz@lastxsaved=\dimen289
\tikz@lastysaved=\dimen290
\tikz@lastmovetox=\dimen291
\tikz@lastmovetoy=\dimen292
\tikzleveldistance=\dimen293
\tikzsiblingdistance=\dimen294
\tikz@figbox=\box78
\tikz@figbox@bg=\box79
\tikz@tempbox=\box80
\tikz@tempbox@bg=\box81
\tikztreelevel=\count326
\tikznumberofchildren=\count327
\tikznumberofcurrentchild=\count328
\tikz@fig@count=\count329

(/nix/store/463pl4ggkf0k94rbs3s1py9kaylkc5w5-texlive-combined-2021/share/texmf/
tex/generic/pgf/modules/pgfmodulematrix.code.tex
File: pgfmodulematrix.code.tex 2021/05/15 v3.1.9a (3.1.9a)
\pgfmatrixcurrentrow=\count330
\pgfmatrixcurrentcolumn=\count331
\pgf@matrix@numberofcolumns=\count332
)
\tikz@expandcount=\count333

(/nix/store/463pl4ggkf0k94rbs3s1py9kaylkc5w5-texlive-combined-2021/share/texmf/
tex/generic/pgf/frontendlayer/tikz/libraries/tikzlibrarytopaths.code.tex
File: tikzlibrarytopaths.code.tex 2021/05/15 v3.1.9a (3.1.9a)
)))
(/nix/store/463pl4ggkf0k94rbs3s1py9kaylkc5w5-texlive-combined-2021/share/texmf/
tex/generic/pgf/frontendlayer/tikz/libraries/tikzlibrarycalc.code.tex
File: tikzlibrarycalc.code.tex 2021/05/15 v3.1.9a (3.1.9a)
)
(/nix/store/463pl4ggkf0k94rbs3s1py9kaylkc5w5-texlive-combined-2021/share/texmf/
tex/generic/pgf/libraries/pgflibraryarrows.meta.code.tex
File: pgflibraryarrows.meta.code.tex 2021/05/15 v3.1.9a (3.1.9a)
\pgfarrowinset=\dimen295
\pgfarrowlength=\dimen296
\pgfarrowwidth=\dimen297
\pgfarrowlinewidth=\dimen298
)
(/nix/store/463pl4ggkf0k94rbs3s1py9kaylkc5w5-texlive-combined-2021/share/texmf/
tex/generic/pgf/frontendlayer/tikz/libraries/tikzlibrarybending.code.tex
File: tikzlibrarybending.code.tex 2021/05/15 v3.1.9a (3.1.9a)

(/nix/store/463pl4ggkf0k94rbs3s1py9kaylkc5w5-texlive-combined-2021/share/texmf/
tex/generic/pgf/modules/pgfmodulebending.code.tex
File: pgfmodulebending.code.tex 2021/05/15 v3.1.9a (3.1.9a)

(/nix/store/463pl4ggkf0k94rbs3s1py9kaylkc5w5-texlive-combined-2021/share/texmf/
tex/generic/pgf/modules/pgfmodulenonlineartransformations.code.tex
File: pgfmodulenonlineartransformations.code.tex 2021/05/15 v3.1.9a (3.1.9a)
\pgftransformnonlinearflatness=\dimen299
)
(/nix/store/463pl4ggkf0k94rbs3s1py9kaylkc5w5-texlive-combined-2021/share/texmf/
tex/generic/pgf/libraries/pgflibrarycurvilinear.code.tex
File: pgflibrarycurvilinear.code.tex 2021/05/15 v3.1.9a (3.1.9a)
\pgf@curvilinear@time@a=\dimen300
\pgf@curvilinear@length@a=\dimen301
\pgf@curvilinear@length@b=\dimen302
\pgf@curvilinear@length@c=\dimen303
\pgf@curvilinear@length@d=\dimen304
)
\pgf@arrows@the@rigidity=\dimen305
))
(/nix/store/463pl4ggkf0k94rbs3s1py9kaylkc5w5-texlive-combined-2021/share/texmf/
tex/generic/pgf/frontendlayer/tikz/libraries/tikzlibraryfpu.code.tex
(/nix/store/463pl4ggkf0k94rbs3s1py9kaylkc5w5-texlive-combined-2021/share/texmf/
tex/generic/pgf/libraries/pgflibraryfpu.code.tex))
(/nix/store/463pl4ggkf0k94rbs3s1py9kaylkc5w5-texlive-combined-2021/share/texmf/
tex/generic/circuitikz/pgfcirc.defines.tex
\pgf@circ@count@a=\count334
\pgf@circ@count@b=\count335
\pgf@circ@count@c=\count336
\pgf@circ@res@up=\dimen306
\pgf@circ@res@down=\dimen307
\pgf@circ@res@zero=\dimen308
\pgf@circ@res@left=\dimen309
\pgf@circ@res@right=\dimen310
\pgf@circ@res@other=\dimen311
\pgf@circ@res@step=\dimen312
\pgf@circ@res@temp=\dimen313
\pgf@circ@Rlen=\dimen314
\pgf@circ@scaled@Rlen=\dimen315
\pgfstartlinewidth=\dimen316
)
(/nix/store/463pl4ggkf0k94rbs3s1py9kaylkc5w5-texlive-combined-2021/share/texmf/
tex/generic/circuitikz/pgfcircutils.tex
\ctikz@scratchbox=\box82
)
(/nix/store/463pl4ggkf0k94rbs3s1py9kaylkc5w5-texlive-combined-2021/share/texmf/
tex/generic/circuitikz/pgfcircpath.tex)
(/nix/store/463pl4ggkf0k94rbs3s1py9kaylkc5w5-texlive-combined-2021/share/texmf/
tex/generic/circuitikz/pgfcircshapes.tex)
(/nix/store/463pl4ggkf0k94rbs3s1py9kaylkc5w5-texlive-combined-2021/share/texmf/
tex/generic/circuitikz/pgfcircmonopoles.tex)
(/nix/store/463pl4ggkf0k94rbs3s1py9kaylkc5w5-texlive-combined-2021/share/texmf/
tex/generic/circuitikz/pgfcircbipoles.tex)
(/nix/store/463pl4ggkf0k94rbs3s1py9kaylkc5w5-texlive-combined-2021/share/texmf/
tex/generic/circuitikz/pgfcirctripoles.tex
\pgf@circ@res@count=\count337
)
(/nix/store/463pl4ggkf0k94rbs3s1py9kaylkc5w5-texlive-combined-2021/share/texmf/
tex/generic/circuitikz/pgfcircquadpoles.tex)
(/nix/store/463pl4ggkf0k94rbs3s1py9kaylkc5w5-texlive-combined-2021/share/texmf/
tex/generic/circuitikz/pgfcircmultipoles.tex)
(/nix/store/463pl4ggkf0k94rbs3s1py9kaylkc5w5-texlive-combined-2021/share/texmf/
tex/generic/circuitikz/pgfcirclabel.tex)
(/nix/store/463pl4ggkf0k94rbs3s1py9kaylkc5w5-texlive-combined-2021/share/texmf/
tex/generic/circuitikz/pgfcircvoltage.tex
\pgfcirc@labelshift=\dimen317
)
(/nix/store/463pl4ggkf0k94rbs3s1py9kaylkc5w5-texlive-combined-2021/share/texmf/
tex/generic/circuitikz/pgfcirccurrent.tex)
(/nix/store/463pl4ggkf0k94rbs3s1py9kaylkc5w5-texlive-combined-2021/share/texmf/
tex/generic/circuitikz/pgfcircflow.tex))
(/nix/store/463pl4ggkf0k94rbs3s1py9kaylkc5w5-texlive-combined-2021/share/texmf/
tex/latex/adjustbox/adjustbox.sty
Package: adjustbox 2020/08/19 v1.3 Adjusting TeX boxes (trim, clip, ...)

(/nix/store/463pl4ggkf0k94rbs3s1py9kaylkc5w5-texlive-combined-2021/share/texmf/
tex/latex/xkeyval/xkeyval.sty
Package: xkeyval 2020/11/20 v2.8 package option processing (HA)

(/nix/store/463pl4ggkf0k94rbs3s1py9kaylkc5w5-texlive-combined-2021/share/texmf/
tex/generic/xkeyval/xkeyval.tex
(/nix/store/463pl4ggkf0k94rbs3s1py9kaylkc5w5-texlive-combined-2021/share/texmf/
tex/generic/xkeyval/xkvutils.tex
\XKV@toks=\toks39
\XKV@tempa@toks=\toks40
)
\XKV@depth=\count338
File: xkeyval.tex 2014/12/03 v2.7a key=value parser (HA)
))
(/nix/store/463pl4ggkf0k94rbs3s1py9kaylkc5w5-texlive-combined-2021/share/texmf/
tex/latex/adjustbox/adjcalc.sty
Package: adjcalc 2012/05/16 v1.1 Provides advanced setlength with multiple back
-ends (calc, etex, pgfmath)
)
(/nix/store/463pl4ggkf0k94rbs3s1py9kaylkc5w5-texlive-combined-2021/share/texmf/
tex/latex/adjustbox/trimclip.sty
Package: trimclip 2020/08/19 v1.2 Trim and clip general TeX material

(/nix/store/463pl4ggkf0k94rbs3s1py9kaylkc5w5-texlive-combined-2021/share/texmf/
tex/latex/collectbox/collectbox.sty
Package: collectbox 2012/05/17 v0.4b Collect macro arguments as boxes
\collectedbox=\box83
)
\tc@llx=\dimen318
\tc@lly=\dimen319
\tc@urx=\dimen320
\tc@ury=\dimen321
Package trimclip Info: Using driver 'tc-pdftex.def'.

(/nix/store/463pl4ggkf0k94rbs3s1py9kaylkc5w5-texlive-combined-2021/share/texmf/
tex/latex/adjustbox/tc-pdftex.def
File: tc-pdftex.def 2019/01/04 v2.2 Clipping driver for pdftex
))
\adjbox@Width=\dimen322
\adjbox@Height=\dimen323
\adjbox@Depth=\dimen324
\adjbox@Totalheight=\dimen325
\adjbox@pwidth=\dimen326
\adjbox@pheight=\dimen327
\adjbox@pdepth=\dimen328
\adjbox@ptotalheight=\dimen329

(/nix/store/463pl4ggkf0k94rbs3s1py9kaylkc5w5-texlive-combined-2021/share/texmf/
tex/latex/ifoddpage/ifoddpage.sty
Package: ifoddpage 2016/04/23 v1.1 Conditionals for odd/even page detection
\c@checkoddpage=\count339
)
(/nix/store/463pl4ggkf0k94rbs3s1py9kaylkc5w5-texlive-combined-2021/share/texmf/
tex/latex/varwidth/varwidth.sty
Package: varwidth 2009/03/30 ver 0.92;  Variable-width minipages
\@vwid@box=\box84
\sift@deathcycles=\count340
\@vwid@loff=\dimen330
\@vwid@roff=\dimen331
))
(/nix/store/463pl4ggkf0k94rbs3s1py9kaylkc5w5-texlive-combined-2021/share/texmf/
tex/latex/tools/xspace.sty
Package: xspace 2014/10/28 v1.13 Space after command names (DPC,MH)
)
(/nix/store/463pl4ggkf0k94rbs3s1py9kaylkc5w5-texlive-combined-2021/share/texmf/
tex/latex/caption/caption.sty
Package: caption 2022/03/01 v3.6b Customizing captions (AR)

(/nix/store/463pl4ggkf0k94rbs3s1py9kaylkc5w5-texlive-combined-2021/share/texmf/
tex/latex/caption/caption3.sty
Package: caption3 2022/03/17 v2.3b caption3 kernel (AR)
\caption@tempdima=\dimen332
\captionmargin=\dimen333
\caption@leftmargin=\dimen334
\caption@rightmargin=\dimen335
\caption@width=\dimen336
\caption@indent=\dimen337
\caption@parindent=\dimen338
\caption@hangindent=\dimen339
Package caption Info: elsarticle document class detected.

(/nix/store/463pl4ggkf0k94rbs3s1py9kaylkc5w5-texlive-combined-2021/share/texmf/
tex/latex/caption/caption-elsarticle.sto
File: caption-elsarticle.sto 2020/08/22 v2.0 Adaption of the caption package to
 the elsarticle document class (AR)
))
\c@caption@flags=\count341
\c@continuedfloat=\count342
Package caption Info: hyperref package is loaded.
)
(/nix/store/463pl4ggkf0k94rbs3s1py9kaylkc5w5-texlive-combined-2021/share/texmf/
tex/latex/booktabs/booktabs.sty
Package: booktabs 2020/01/12 v1.61803398 Publication quality tables
\heavyrulewidth=\dimen340
\lightrulewidth=\dimen341
\cmidrulewidth=\dimen342
\belowrulesep=\dimen343
\belowbottomsep=\dimen344
\aboverulesep=\dimen345
\abovetopsep=\dimen346
\cmidrulesep=\dimen347
\cmidrulekern=\dimen348
\defaultaddspace=\dimen349
\@cmidla=\count343
\@cmidlb=\count344
\@aboverulesep=\dimen350
\@belowrulesep=\dimen351
\@thisruleclass=\count345
\@lastruleclass=\count346
\@thisrulewidth=\dimen352
)
(/nix/store/463pl4ggkf0k94rbs3s1py9kaylkc5w5-texlive-combined-2021/share/texmf/
tex/latex/tools/tabularx.sty
Package: tabularx 2020/01/15 v2.11c `tabularx' package (DPC)
\TX@col@width=\dimen353
\TX@old@table=\dimen354
\TX@old@col=\dimen355
\TX@target=\dimen356
\TX@delta=\dimen357
\TX@cols=\count347
\TX@ftn=\toks41
)
(/nix/store/463pl4ggkf0k94rbs3s1py9kaylkc5w5-texlive-combined-2021/share/texmf/
tex/latex/threeparttable/threeparttable.sty
Package: threeparttable 2003/06/13  v 3.0
\@tempboxb=\box85
)
(/nix/store/463pl4ggkf0k94rbs3s1py9kaylkc5w5-texlive-combined-2021/share/texmf/
tex/latex/tools/multicol.sty
Package: multicol 2021/10/28 v1.9b multicolumn formatting (FMi)
\c@tracingmulticols=\count348
\mult@box=\box86
\multicol@leftmargin=\dimen358
\c@unbalance=\count349
\c@collectmore=\count350
\doublecol@number=\count351
\multicoltolerance=\count352
\multicolpretolerance=\count353
\full@width=\dimen359
\page@free=\dimen360
\premulticols=\dimen361
\postmulticols=\dimen362
\multicolsep=\skip63
\multicolbaselineskip=\skip64
\partial@page=\box87
\last@line=\box88
\maxbalancingoverflow=\dimen363
\mult@rightbox=\box89
\mult@grightbox=\box90
\mult@firstbox=\box91
\mult@gfirstbox=\box92
\@tempa=\box93
\@tempa=\box94
\@tempa=\box95
\@tempa=\box96
\@tempa=\box97
\@tempa=\box98
\@tempa=\box99
\@tempa=\box100
\@tempa=\box101
\@tempa=\box102
\@tempa=\box103
\@tempa=\box104
\@tempa=\box105
\@tempa=\box106
\@tempa=\box107
\@tempa=\box108
\@tempa=\box109
\@tempa=\box110
\@tempa=\box111
\@tempa=\box112
\@tempa=\box113
\@tempa=\box114
\@tempa=\box115
\@tempa=\box116
\@tempa=\box117
\@tempa=\box118
\@tempa=\box119
\@tempa=\box120
\@tempa=\box121
\@tempa=\box122
\@tempa=\box123
\@tempa=\box124
\@tempa=\box125
\@tempa=\box126
\@tempa=\box127
\@tempa=\box128
\c@minrows=\count354
\c@columnbadness=\count355
\c@finalcolumnbadness=\count356
\last@try=\dimen364
\multicolovershoot=\dimen365
\multicolundershoot=\dimen366
\mult@nat@firstbox=\box129
\colbreak@box=\box130
\mc@col@check@num=\count357
)
(/nix/store/463pl4ggkf0k94rbs3s1py9kaylkc5w5-texlive-combined-2021/share/texmf/
tex/latex/float/float.sty
Package: float 2001/11/08 v1.3d Float enhancements (AL)
\c@float@type=\count358
\float@exts=\toks42
\float@box=\box131
\@float@everytoks=\toks43
\@floatcapt=\box132
)
(/nix/store/463pl4ggkf0k94rbs3s1py9kaylkc5w5-texlive-combined-2021/share/texmf/
tex/latex/dblfloatfix/dblfloatfix.sty
Package: dblfloatfix 2012/12/31 v1.0a (JAW)

(/nix/store/463pl4ggkf0k94rbs3s1py9kaylkc5w5-texlive-combined-2021/share/texmf/
tex/latex/base/fixltx2e.sty
Package: fixltx2e 2016/12/29 v2.1a fixes to LaTeX (obsolete)
Applying: [2015/01/01] Old fixltx2e package on input line 46.


Package fixltx2e Warning: fixltx2e is not required with releases after 2015
(fixltx2e)                All fixes are now in the LaTeX kernel.
(fixltx2e)                See the latexrelease package for details.

Already applied: [0000/00/00] Old fixltx2e package on input line 53.
)
\@dblbotnum=\count359
\c@dblbotnumber=\count360
)
(/nix/store/463pl4ggkf0k94rbs3s1py9kaylkc5w5-texlive-combined-2021/share/texmf/
tex/latex/csvsimple/csvsimple.sty
Package: csvsimple 2022/02/01 v2.3.0 LaTeX CSV file processing
)
(/nix/store/463pl4ggkf0k94rbs3s1py9kaylkc5w5-texlive-combined-2021/share/texmf/
tex/latex/csvsimple/csvsimple-legacy.sty
Package: csvsimple-legacy 2022/02/01 version 2.3.0 LaTeX2e CSV file processing

(/nix/store/463pl4ggkf0k94rbs3s1py9kaylkc5w5-texlive-combined-2021/share/texmf/
tex/latex/base/ifthen.sty
Package: ifthen 2020/11/24 v1.1c Standard LaTeX ifthen package (DPC)
)
(/nix/store/463pl4ggkf0k94rbs3s1py9kaylkc5w5-texlive-combined-2021/share/texmf/
tex/latex/tools/shellesc.sty
Package: shellesc 2019/11/08 v1.0c unified shell escape interface for LaTeX
Package shellesc Info: Restricted shell escape enabled on input line 77.
)
\csv@file=\read3
\c@csvinputline=\count361
\c@csvrow=\count362
\c@csvcol=\count363
\csv@out=\write5
)
Package translations Info: No language package found. I am going to use `englis
h' as default language. on input line 66.
 (./Roleplay_electricity_market.aux)
\openout1 = `Roleplay_electricity_market.aux'.

LaTeX Font Info:    Checking defaults for OML/cmm/m/it on input line 66.
LaTeX Font Info:    ... okay on input line 66.
LaTeX Font Info:    Checking defaults for OMS/cmsy/m/n on input line 66.
LaTeX Font Info:    ... okay on input line 66.
LaTeX Font Info:    Checking defaults for OT1/cmr/m/n on input line 66.
LaTeX Font Info:    ... okay on input line 66.
LaTeX Font Info:    Checking defaults for T1/cmr/m/n on input line 66.
LaTeX Font Info:    ... okay on input line 66.
LaTeX Font Info:    Checking defaults for TS1/cmr/m/n on input line 66.
LaTeX Font Info:    ... okay on input line 66.
LaTeX Font Info:    Checking defaults for OMX/cmex/m/n on input line 66.
LaTeX Font Info:    ... okay on input line 66.
LaTeX Font Info:    Checking defaults for U/cmr/m/n on input line 66.
LaTeX Font Info:    ... okay on input line 66.
LaTeX Font Info:    Checking defaults for PD1/pdf/m/n on input line 66.
LaTeX Font Info:    ... okay on input line 66.
LaTeX Font Info:    Checking defaults for PU/pdf/m/n on input line 66.
LaTeX Font Info:    ... okay on input line 66.

(/nix/store/463pl4ggkf0k94rbs3s1py9kaylkc5w5-texlive-combined-2021/share/texmf/
tex/context/base/mkii/supp-pdf.mkii
[Loading MPS to PDF converter (version 2006.09.02).]
\scratchcounter=\count364
\scratchdimen=\dimen367
\scratchbox=\box133
\nofMPsegments=\count365
\nofMParguments=\count366
\everyMPshowfont=\toks44
\MPscratchCnt=\count367
\MPscratchDim=\dimen368
\MPnumerator=\count368
\makeMPintoPDFobject=\count369
\everyMPtoPDFconversion=\toks45
)
(/nix/store/463pl4ggkf0k94rbs3s1py9kaylkc5w5-texlive-combined-2021/share/texmf/
tex/latex/epstopdf-pkg/epstopdf-base.sty
Package: epstopdf-base 2020-01-24 v2.11 Base part for package epstopdf
Package epstopdf-base Info: Redefining graphics rule for `.eps' on input line 4
85.

(/nix/store/463pl4ggkf0k94rbs3s1py9kaylkc5w5-texlive-combined-2021/share/texmf/
tex/latex/latexconfig/epstopdf-sys.cfg
File: epstopdf-sys.cfg 2010/07/13 v1.3 Configuration of (r)epstopdf for TeX Liv
e
))
*geometry* driver: auto-detecting
*geometry* detected driver: pdftex
*geometry* verbose mode - [ preamble ] result:
* driver: pdftex
* paper: custom
* layout: <same size as paper>
* layoutoffset:(h,v)=(0.0pt,0.0pt)
* hratio: 1:1
* vratio: 1:1
* modes: 
* h-part:(L,W,R)=(64.75394pt, 468.0pt, 64.75394pt)
* v-part:(T,H,B)=(111.52342pt, 622.0pt, 111.52342pt)
* \paperwidth=597.50787pt
* \paperheight=845.04684pt
* \textwidth=468.0pt
* \textheight=622.0pt
* \oddsidemargin=-7.51605pt
* \evensidemargin=-7.51605pt
* \topmargin=-22.74657pt
* \headheight=50.0pt
* \headsep=12.0pt
* \topskip=10.0pt
* \footskip=18.0pt
* \marginparwidth=65.0pt
* \marginparsep=11.0pt
* \columnsep=24.0pt
* \skip\footins=24.0pt plus 2.0pt minus 12.0pt
* \hoffset=0.0pt
* \voffset=0.0pt
* \mag=1000
* \@twocolumnfalse
* \@twosidefalse
* \@mparswitchfalse
* \@reversemarginfalse
* (1in=72.27pt=25.4mm, 1cm=28.453pt)

Package hyperref Info: Link coloring ON on input line 66.

(/nix/store/463pl4ggkf0k94rbs3s1py9kaylkc5w5-texlive-combined-2021/share/texmf/
tex/latex/hyperref/nameref.sty
Package: nameref 2021-04-02 v2.47 Cross-referencing by name of section

(/nix/store/463pl4ggkf0k94rbs3s1py9kaylkc5w5-texlive-combined-2021/share/texmf/
tex/latex/refcount/refcount.sty
Package: refcount 2019/12/15 v3.6 Data extraction from label references (HO)
)
(/nix/store/463pl4ggkf0k94rbs3s1py9kaylkc5w5-texlive-combined-2021/share/texmf/
tex/generic/gettitlestring/gettitlestring.sty
Package: gettitlestring 2019/12/15 v1.6 Cleanup title references (HO)
)
\c@section@level=\count370
)
LaTeX Info: Redefining \ref on input line 66.
LaTeX Info: Redefining \pageref on input line 66.
LaTeX Info: Redefining \nameref on input line 66.

(./Roleplay_electricity_market.out) (./Roleplay_electricity_market.out)
\@outlinefile=\write6
\openout6 = `Roleplay_electricity_market.out'.


(/nix/store/463pl4ggkf0k94rbs3s1py9kaylkc5w5-texlive-combined-2021/share/texmf/
tex/latex/translations/translations-basic-dictionary-english.trsl
File: translations-basic-dictionary-english.trsl (english translation file `tra
nslations-basic-dictionary')
)
Package translations Info: loading dictionary `translations-basic-dictionary' f
or `english'. on input line 66.
Package caption Info: Begin \AtBeginDocument code.
Package caption Info: float package is loaded.
Package caption Info: threeparttable package is loaded.
Package caption Info: End \AtBeginDocument code.

Overfull \hbox (31.36751pt too wide) in paragraph at lines 84--85
[]\OT1/cmr/m/n/10 Every in-stance of market-clearing can be solved us-ing the a
t-tached spread-sheet \Role-play[]electricity[]market.xls". 
 []


Underfull \hbox (badness 10000) in paragraph at lines 84--85

 []


Overfull \hbox (2.22221pt too wide) has occurred while \output is active
[] 
 []

[1

{/nix/store/463pl4ggkf0k94rbs3s1py9kaylkc5w5-texlive-combined-2021/share/texmf-
var/fonts/map/pdftex/updmap/pdftex.map}]
Underfull \hbox (badness 10000) in paragraph at lines 122--125

 []


Underfull \hbox (badness 10000) in paragraph at lines 126--129

 []


Underfull \hbox (badness 10000) in paragraph at lines 130--134

 []


Underfull \hbox (badness 10000) in paragraph at lines 135--138

 []


Underfull \hbox (badness 10000) in paragraph at lines 139--142

 []

[2]
Underfull \hbox (badness 10000) in paragraph at lines 145--146

 []


Underfull \hbox (badness 10000) in paragraph at lines 147--148

 []


Underfull \hbox (badness 10000) in paragraph at lines 149--150

 []


Underfull \hbox (badness 10000) in paragraph at lines 151--152

 []


Underfull \hbox (badness 10000) in paragraph at lines 153--154

 []


Underfull \hbox (badness 10000) in paragraph at lines 155--156

 []

[3]
Underfull \hbox (badness 10000) in paragraph at lines 167--168

 []


Underfull \hbox (badness 10000) in paragraph at lines 169--170

 []


Underfull \hbox (badness 10000) in paragraph at lines 171--172

 []


Underfull \hbox (badness 10000) in paragraph at lines 173--174

 []


Underfull \hbox (badness 10000) in paragraph at lines 175--176

 []


Underfull \hbox (badness 10000) in paragraph at lines 177--178

 []

[4]
Underfull \hbox (badness 10000) in paragraph at lines 189--190

 []


Underfull \hbox (badness 10000) in paragraph at lines 191--192

 []


Underfull \hbox (badness 10000) in paragraph at lines 193--194

 []


Underfull \hbox (badness 10000) in paragraph at lines 195--196

 []


Underfull \hbox (badness 10000) in paragraph at lines 197--198

 []


Underfull \hbox (badness 10000) in paragraph at lines 199--200

 []


Underfull \hbox (badness 10000) in paragraph at lines 209--210

 []

[5]
Underfull \hbox (badness 10000) in paragraph at lines 215--216

 []


Underfull \hbox (badness 10000) in paragraph at lines 217--218

 []


Underfull \hbox (badness 10000) in paragraph at lines 219--220

 []


Underfull \hbox (badness 10000) in paragraph at lines 221--222

 []


Underfull \hbox (badness 10000) in paragraph at lines 223--224

 []


Underfull \hbox (badness 10000) in paragraph at lines 225--226

 []


Underfull \hbox (badness 10000) in paragraph at lines 227--228

 []


Underfull \hbox (badness 10000) in paragraph at lines 229--230

 []

[6]
Underfull \hbox (badness 10000) in paragraph at lines 235--236

 []


Underfull \hbox (badness 10000) in paragraph at lines 237--238

 []


Underfull \hbox (badness 10000) in paragraph at lines 239--240

 []


Underfull \hbox (badness 10000) in paragraph at lines 241--242

 []


Underfull \hbox (badness 10000) in paragraph at lines 243--244

 []


Underfull \hbox (badness 10000) in paragraph at lines 245--246

 []


Underfull \hbox (badness 10000) in paragraph at lines 247--248

 []


Underfull \hbox (badness 10000) in paragraph at lines 249--250

 []


Underfull \hbox (badness 10000) in paragraph at lines 251--252

 []

[7]
Underfull \hbox (badness 10000) in paragraph at lines 255--256

 []


Underfull \hbox (badness 10000) in paragraph at lines 257--258

 []


Underfull \hbox (badness 10000) in paragraph at lines 259--260

 []


Underfull \hbox (badness 10000) in paragraph at lines 261--262

 []


Underfull \hbox (badness 10000) in paragraph at lines 263--264

 []


Underfull \hbox (badness 10000) in paragraph at lines 265--266

 []


Underfull \hbox (badness 10000) in paragraph at lines 267--269

 []

[8] (./Roleplay_electricity_market.aux)
Package rerunfilecheck Info: File `Roleplay_electricity_market.out' has not cha
nged.
(rerunfilecheck)             Checksum: D41D8CD98F00B204E9800998ECF8427E;0.
 ) 
Here is how much of TeX's memory you used:
 42914 strings out of 478278
 1031650 string characters out of 5825089
 1490942 words of memory out of 5000000
 60586 multiletter control sequences out of 15000+600000
 474389 words of font info for 46 fonts, out of 8000000 for 9000
 1142 hyphenation exceptions out of 8191
 99i,8n,117p,710b,761s stack positions out of 5000i,500n,10000p,200000b,80000s
{/nix/store/463pl4ggkf0k94rbs3s1py9kaylkc5w5-texlive-combined-2021/share/texm
f/fonts/enc/dvips/cm-super/cm-super-ts1.enc}</nix/store/463pl4ggkf0k94rbs3s1py9
kaylkc5w5-texlive-combined-2021/share/texmf/fonts/type1/public/amsfonts/cm/cmbx
10.pfb></nix/store/463pl4ggkf0k94rbs3s1py9kaylkc5w5-texlive-combined-2021/share
/texmf/fonts/type1/public/amsfonts/cm/cmbx12.pfb></nix/store/463pl4ggkf0k94rbs3
s1py9kaylkc5w5-texlive-combined-2021/share/texmf/fonts/type1/public/amsfonts/cm
/cmr10.pfb></nix/store/463pl4ggkf0k94rbs3s1py9kaylkc5w5-texlive-combined-2021/s
hare/texmf/fonts/type1/public/amsfonts/cm/cmr7.pfb></nix/store/463pl4ggkf0k94rb
s3s1py9kaylkc5w5-texlive-combined-2021/share/texmf/fonts/type1/public/amsfonts/
cm/cmr8.pfb></nix/store/463pl4ggkf0k94rbs3s1py9kaylkc5w5-texlive-combined-2021/
share/texmf/fonts/type1/public/amsfonts/cm/cmti7.pfb></nix/store/463pl4ggkf0k94
rbs3s1py9kaylkc5w5-texlive-combined-2021/share/texmf/fonts/type1/public/amsfont
s/cm/cmti8.pfb></nix/store/463pl4ggkf0k94rbs3s1py9kaylkc5w5-texlive-combined-20
21/share/texmf/fonts/type1/public/eurosym/feymr10.pfb></nix/store/463pl4ggkf0k9
4rbs3s1py9kaylkc5w5-texlive-combined-2021/share/texmf/fonts/type1/public/cm-sup
er/sfrm0800.pfb></nix/store/463pl4ggkf0k94rbs3s1py9kaylkc5w5-texlive-combined-2
021/share/texmf/fonts/type1/public/cm-super/sfrm1000.pfb>
Output written on Roleplay_electricity_market.pdf (8 pages, 128876 bytes).
PDF statistics:
 109 PDF objects out of 1000 (max. 8388607)
 78 compressed objects within 1 object stream
 15 named destinations out of 1000 (max. 500000)
 13 words of extra memory for PDF output out of 10000 (max. 10000000)

